<?xml version="1.0" encoding="UTF-8"?>
<testng-results ignored="0" total="3" passed="3" failed="0" skipped="0">
  <reporter-output>
  </reporter-output>
  <suite started-at="2018-08-26T05:40:16Z" name="Default suite" finished-at="2018-08-26T05:41:40Z" duration-ms="83790">
    <groups>
    </groups>
    <test started-at="2018-08-26T05:40:16Z" name="Default test" finished-at="2018-08-26T05:41:40Z" duration-ms="83790">
      <class name="XeroAppTestCases.TCDriver">
        <test-method is-config="true" signature="OpenApp()[pri:0, instance:XeroAppTestCases.TCDriver@17a7f733]" started-at="2018-08-26T05:40:16Z" name="OpenApp" finished-at="2018-08-26T05:40:56Z" duration-ms="39958" status="PASS">
          <reporter-output>
          </reporter-output>
        </test-method> <!-- OpenApp -->
        <test-method signature="Navigate_to_XERO()[pri:1, instance:XeroAppTestCases.TCDriver@17a7f733]" started-at="2018-08-26T05:40:56Z" name="Navigate_to_XERO" finished-at="2018-08-26T05:41:27Z" duration-ms="30933" status="PASS">
          <reporter-output>
          </reporter-output>
        </test-method> <!-- Navigate_to_XERO -->
        <test-method signature="Incorrect_Password()[pri:2, instance:XeroAppTestCases.TCDriver@17a7f733]" started-at="2018-08-26T05:41:27Z" name="Incorrect_Password" finished-at="2018-08-26T05:41:33Z" duration-ms="5373" status="PASS">
          <reporter-output>
          </reporter-output>
        </test-method> <!-- Incorrect_Password -->
        <test-method signature="Incorrect_Email()[pri:3, instance:XeroAppTestCases.TCDriver@17a7f733]" started-at="2018-08-26T05:41:33Z" name="Incorrect_Email" finished-at="2018-08-26T05:41:38Z" duration-ms="5168" status="PASS">
          <reporter-output>
          </reporter-output>
        </test-method> <!-- Incorrect_Email -->
        <test-method is-config="true" signature="teardown()[pri:0, instance:XeroAppTestCases.TCDriver@17a7f733]" started-at="2018-08-26T05:41:38Z" name="teardown" finished-at="2018-08-26T05:41:40Z" duration-ms="2312" status="PASS">
          <reporter-output>
          </reporter-output>
        </test-method> <!-- teardown -->
      </class> <!-- XeroAppTestCases.TCDriver -->
    </test> <!-- Default test -->
  </suite> <!-- Default suite -->
</testng-results>
