<?xml version="1.0" encoding="UTF-8"?>
<!-- Generated by org.testng.reporters.JUnitXMLReporter -->
<testsuite ignored="0" hostname="pkp-laptop" failures="0" tests="3" name="Default test" time="83.79" errors="0" timestamp="26 Aug 2018 05:41:40 GMT">
  <testcase classname="XeroAppTestCases.TCDriver" name="Navigate_to_XERO" time="30.933"/>
  <testcase classname="XeroAppTestCases.TCDriver" name="Incorrect_Password" time="5.373"/>
  <testcase classname="XeroAppTestCases.TCDriver" name="Incorrect_Email" time="5.168"/>
</testsuite> <!-- Default test -->
